+ set -e
+ echo 'Current Dart SDK version'
Current Dart SDK version
+ dart --version
Dart SDK version: 3.9.0-edge.eb41d43c0dba5021ba37b11e54e0fe09f7b192b5 (main) (Tue May 6 04:09:12 2025 -0700) on "macos_arm64"
+ echo 'Fetching dependencies'
Fetching dependencies
+ dart pub get
Resolving dependencies...
Downloading packages...
  _fe_analyzer_shared 80.0.0 (82.0.0 available)
  analyzer 7.3.0 (7.4.4 available)
  analyzer_plugin 0.12.0 (0.13.0 available)
  custom_lint 0.7.3 (0.7.5 available)
  custom_lint_builder 0.7.3 (0.7.5 available)
  custom_lint_core 0.7.1 (0.7.5 available)
  dds 4.2.7 (5.0.0 available)
  devtools_shared 10.0.2 (11.2.0 available)
  dwds 24.3.5 (24.3.10 available)
  freezed_annotation 2.4.4 (3.0.0 available)
  http 1.3.0 (1.4.0 available)
  json_rpc_2 3.0.3 (4.0.0 available)
  mime 1.0.6 (2.0.0 available)
  shelf_web_socket 2.0.1 (3.0.0 available)
  vm_service 14.3.1 (15.0.0 available)
  web 1.1.0 (1.1.1 available)
Got dependencies!
16 packages have newer versions incompatible with dependency constraints.
Try `dart pub outdated` for more information.
+ echo 'Building dart2js version in -O4'
Building dart2js version in -O4
+ rm -rf build dist/out-dart2js-O4
+ dart run jaspr_cli:jaspr build -O4 --extra-js-compiler-option=--disable-program-split
Building jaspr for client rendering mode.
⠋ Building web assets......⠙ Building web assets...... (0ms)✓ Completed building web assets. (10.7s)
Completed building project to /build/jaspr.
+ mkdir -p dist/out-dart2js-O4
+ cp build/jaspr/index.html build/jaspr/base.css build/jaspr/index.css build/jaspr/favicon.ico build/jaspr/main.dart.js dist/out-dart2js-O4
+ echo 'Building dart2js version in -O4'
Building dart2js version in -O4
+ rm -rf build dist/out-dart2wasm-O2
+ dart run jaspr_cli:jaspr build -O2 --experimental-wasm
Building jaspr for client rendering mode.
⠋ Building web assets......⠙ Building web assets...... (0ms)✓ Completed building web assets. (11.3s)
Completed building project to /build/jaspr.
+ mkdir -p dist/out-dart2wasm-O2
+ cp build/jaspr/index.html build/jaspr/base.css build/jaspr/index.css build/jaspr/favicon.ico build/jaspr/main.dart.js build/jaspr/main.mjs build/jaspr/main.wasm dist/out-dart2wasm-O2
